01:56:15.325 INFO [GridLauncherV3.parse] - Selenium server version: 3.141.59, revision: e82be7d358
01:56:15.403 INFO [GridLauncherV3.lambda$buildLaunchers$3] - Launching a standalone Selenium Server on port 4445
2019-02-17 01:56:15.434:INFO::main: Logging initialized @362ms to org.seleniumhq.jetty9.util.log.StdErrLog
01:56:15.628 INFO [WebDriverServlet.<init>] - Initialising WebDriverServlet
01:56:15.918 INFO [SeleniumServer.boot] - Selenium Server is up and running on port 4445
01:56:16.140 INFO [ActiveSessionFactory.apply] - Capabilities are: {
  "acceptSslCerts": true,
  "browserName": "chrome",
  "name": "Create Edit"
}
01:56:16.141 INFO [ActiveSessionFactory.lambda$apply$11] - Matched factory org.openqa.selenium.grid.session.remote.ServicedSession$Factory (provider: org.openqa.selenium.chrome.ChromeDriverService)
Starting ChromeDriver 2.45.615291 (ec3682e3c9061c10f26ea9e5cdcf3c53f3f74387) on port 5241
Only local connections are allowed.
01:56:18.868 INFO [ProtocolHandshake.createSession] - Detected dialect: OSS
01:56:19.118 INFO [RemoteSession$Factory.lambda$performHandshake$0] - Started new session de928edb134ea14e65e353150416adab (org.openqa.selenium.chrome.ChromeDriverService)
01:56:41.104 INFO [ActiveSessions$1.onStop] - Removing session de928edb134ea14e65e353150416adab (org.openqa.selenium.chrome.ChromeDriverService)
01:56:41.136 INFO [ActiveSessionFactory.apply] - Capabilities are: {
  "acceptSslCerts": true,
  "browserName": "chrome",
  "name": "Email Payout"
}
01:56:41.136 INFO [ActiveSessionFactory.lambda$apply$11] - Matched factory org.openqa.selenium.grid.session.remote.ServicedSession$Factory (provider: org.openqa.selenium.chrome.ChromeDriverService)
Starting ChromeDriver 2.45.615291 (ec3682e3c9061c10f26ea9e5cdcf3c53f3f74387) on port 31380
Only local connections are allowed.
01:56:43.567 INFO [ProtocolHandshake.createSession] - Detected dialect: OSS
01:56:43.786 INFO [RemoteSession$Factory.lambda$performHandshake$0] - Started new session d260eeea24e9c4b5aab8cd701f32107c (org.openqa.selenium.chrome.ChromeDriverService)
01:57:14.269 INFO [ActiveSessions$1.onStop] - Removing session d260eeea24e9c4b5aab8cd701f32107c (org.openqa.selenium.chrome.ChromeDriverService)
01:57:14.308 INFO [ActiveSessionFactory.apply] - Capabilities are: {
  "acceptSslCerts": true,
  "browserName": "chrome",
  "name": "Photo Documents"
}
01:57:14.308 INFO [ActiveSessionFactory.lambda$apply$11] - Matched factory org.openqa.selenium.grid.session.remote.ServicedSession$Factory (provider: org.openqa.selenium.chrome.ChromeDriverService)
Starting ChromeDriver 2.45.615291 (ec3682e3c9061c10f26ea9e5cdcf3c53f3f74387) on port 8529
Only local connections are allowed.
01:57:16.568 INFO [ProtocolHandshake.createSession] - Detected dialect: OSS
01:57:16.584 INFO [RemoteSession$Factory.lambda$performHandshake$0] - Started new session b1c719b360bf9c5ed57203a3c930de71 (org.openqa.selenium.chrome.ChromeDriverService)
01:57:46.327 INFO [ActiveSessions$1.onStop] - Removing session b1c719b360bf9c5ed57203a3c930de71 (org.openqa.selenium.chrome.ChromeDriverService)
